#
# There is insufficient memory for the Java Runtime Environment to continue.
# Native memory allocation (mmap) failed to map 398458880 bytes for G1 virtual space
# Possible reasons:
#   The system is out of physical RAM or swap space
#   The process is running with CompressedOops enabled, and the Java Heap may be blocking the growth of the native heap
# Possible solutions:
#   Reduce memory load on the system
#   Increase physical memory or swap space
#   Check if swap backing store is full
#   Decrease Java heap size (-Xmx/-Xms)
#   Decrease number of Java threads
#   Decrease Java thread stack sizes (-Xss)
#   Set larger code cache with -XX:ReservedCodeCacheSize=
#   JVM is running with Unscaled Compressed Oops mode in which the Java heap is
#     placed in the first 4GB address space. The Java Heap base address is the
#     maximum limit for the native heap growth. Please use -XX:HeapBaseMinAddress
#     to set the Java Heap base and to place the Java Heap above 4GB virtual address.
# This output file may be truncated or incomplete.
#
#  Out of Memory Error (os_windows.cpp:3548), pid=30228, tid=27720
#
# JRE version:  (17.0.12+8) (build )
# Java VM: Java HotSpot(TM) 64-Bit Server VM (17.0.12+8-LTS-286, mixed mode, sharing, tiered, compressed oops, compressed class ptrs, g1 gc, windows-amd64)
# No core dump will be written. Minidumps are not enabled by default on client versions of Windows
#

---------------  S U M M A R Y ------------

Command Line: -Djava.awt.headless=true -Djava.library.path=C:\Program Files\Java\jdk-17\bin;C:\WINDOWS\Sun\Java\bin;C:\WINDOWS\system32;C:\WINDOWS;C:\Program Files\Eclipse Adoptium\jdk-17.0.16.8-hotspot\bin;C:\Python313\Scripts\;C:\Python313\;C:\Program Files (x86)\Common Files\Intel\Shared Libraries\redist\intel64\compiler;C:\Program Files\Common Files\Oracle\Java\javapath;C:\WINDOWS\system32;C:\WINDOWS;C:\WINDOWS\System32\Wbem;C:\WINDOWS\System32\WindowsPowerShell\v1.0\;C:\WINDOWS\System32\OpenSSH\;C:\Program Files\Java\jdk-20\bin;C:\Program Files\Git\cmd;C:\Program Files\WireGuard\;C:\Program Files\Microsoft SQL Server\120\Tools\Binn\;C:\Program Files\Microsoft SQL Server\Client SDK\ODBC\110\Tools\Binn\;C:\Program Files (x86)\Microsoft SQL Server\120\Tools\Binn\;C:\Program Files\Microsoft SQL Server\120\DTS\Binn\;C:\Program Files (x86)\Microsoft SQL Server\120\Tools\Binn\ManagementStudio\;C:\Program Files (x86)\Microsoft SQL Server\120\DTS\Binn\;C:\Program Files (x86)\Gradle\gradle-8.10.2\bin;C:\Program Files\PuTTY\;C:\ProgramData\chocolatey\bin;D:\Node.js\;C:\Program Files (x86)\Microsoft SQL Server\160\Tools\Binn\;C:\Program Files\Microsoft SQL Server\160\Tools\Binn\;C:\Program Files\Microsoft SQL Server\Client SDK\ODBC\170\Tools\Binn\;C:\Program Files\Microsoft SQL Server\160\DTS\Binn\;C:\Program Files (x86)\Microsoft SQL Server\160\DTS\Binn\;C:\Program Files\Java\jdk-17;D:\Downloads\flutter_windows_3.29.3-stable\flutter\bin;C:\Users\Rhesa Tsaqif\AppData\Local\Programs\Python\Python311\Scripts\;C:\Users\Rhesa Tsaqif\AppData\Local\Programs\Python\Python311\;C:\Users\Rhesa Tsaqif\AppData\Local\Microsoft\WindowsApps;C:\Users\Rhesa Tsaqif\AppData\Local\Programs\Microsoft VS Code\bin;C:\Users\Rhesa Tsaqif\AppData\Local\GitHubDesktop\bin;D:\XAMPP\php;C:\Users\Rhesa Tsaqif\AppData\Local\ComposerSetup\bin;C:\Users\Rhesa Tsaqif\AppData\Roaming\Composer\vendor\bin;C:\Users\Rhesa Tsaqif\AppData\Roaming\npm;;.;D:\HearMe\app\src\testDebug\jniLibs;D:\HearMe\app\src\test\jniLibs -Dorg.gradle.internal.worker.tmpdir=D:\HearMe\app\build\tmp\testDebugUnitTest\work --add-opens=java.base/java.io=ALL-UNNAMED -Xmx512m -Dfile.encoding=UTF-8 -Duser.country=ID -Duser.language=en -Duser.variant -ea worker.org.gradle.process.internal.worker.GradleWorkerMain 'Gradle Test Executor 1'

Host: 12th Gen Intel(R) Core(TM) i5-12500H, 16 cores, 23G,  Windows 11 , 64 bit Build 22621 (10.0.22621.4830)
Time: Sun Aug 31 15:05:52 2025 SE Asia Standard Time elapsed time: 0.020248 seconds (0d 0h 0m 0s)

---------------  T H R E A D  ---------------

Current thread (0x0000017c1dd86d60):  JavaThread "Unknown thread" [_thread_in_vm, id=27720, stack(0x0000004c70e00000,0x0000004c70f00000)]

Stack: [0x0000004c70e00000,0x0000004c70f00000]
Native frames: (J=compiled Java code, j=interpreted, Vv=VM code, C=native code)
V  [jvm.dll+0x67a04a]
V  [jvm.dll+0x7da4ed]
V  [jvm.dll+0x7dbe33]
V  [jvm.dll+0x7dc4a3]
V  [jvm.dll+0x24508f]
V  [jvm.dll+0x677089]
V  [jvm.dll+0x66bd32]
V  [jvm.dll+0x301fa6]
V  [jvm.dll+0x309546]
V  [jvm.dll+0x359d2e]
V  [jvm.dll+0x359f5f]
V  [jvm.dll+0x2d9078]
V  [jvm.dll+0x2d9fe4]
V  [jvm.dll+0x7aca21]
V  [jvm.dll+0x367591]
V  [jvm.dll+0x78b999]
V  [jvm.dll+0x3ec83f]
V  [jvm.dll+0x3ee471]
C  [jli.dll+0x5297]
C  [ucrtbase.dll+0x29333]
C  [KERNEL32.DLL+0x1259d]
C  [ntdll.dll+0x5af38]


---------------  P R O C E S S  ---------------

Threads class SMR info:
_java_thread_list=0x00007ff8fc397a18, length=0, elements={
}

Java Threads: ( => current thread )

Other Threads:
  0x0000017c1ddbbb70 GCTaskThread "GC Thread#0" [stack: 0x0000004c70f00000,0x0000004c71000000] [id=14316]
  0x0000017c1ddc05d0 ConcurrentGCThread "G1 Main Marker" [stack: 0x0000004c71000000,0x0000004c71100000] [id=16868]
  0x0000017c1ddc0ef0 ConcurrentGCThread "G1 Conc#0" [stack: 0x0000004c71100000,0x0000004c71200000] [id=16044]

[error occurred during error reporting (printing all threads), id 0xc0000005, EXCEPTION_ACCESS_VIOLATION (0xc0000005) at pc=0x00007ff8fbbc9b67]

VM state: not at safepoint (not fully initialized)

VM Mutex/Monitor currently owned by a thread:  ([mutex/lock_event])
[0x0000017c1dd82090] Heap_lock - owner thread: 0x0000017c1dd86d60

Heap address: 0x00000000e0000000, size: 512 MB, Compressed Oops mode: 32-bit

CDS archive(s) mapped at: [0x0000000000000000-0x0000000000000000-0x0000000000000000), size 0, SharedBaseAddress: 0x0000000800000000, ArchiveRelocationMode: 1.
Narrow klass base: 0x0000000000000000, Narrow klass shift: 0, Narrow klass range: 0x0

GC Precious Log:
<Empty>

Heap:
 garbage-first heap   total 0K, used 0K [0x00000000e0000000, 0x0000000100000000)
  region size 1024K, 0 young (0K), 0 survivors (0K)

[error occurred during error reporting (printing heap information), id 0xc0000005, EXCEPTION_ACCESS_VIOLATION (0xc0000005) at pc=0x00007ff8fbfb3859]

GC Heap History (0 events):
No events

Deoptimization events (0 events):
No events

Classes unloaded (0 events):
No events

Classes redefined (0 events):
No events

Internal exceptions (0 events):
No events

VM Operations (0 events):
No events

Events (1 events):
Event: 0.012 Loaded shared library C:\Program Files\Java\jdk-17\bin\java.dll


Dynamic libraries:
0x00007ff65dcb0000 - 0x00007ff65dcc0000 	C:\Program Files\Java\jdk-17\bin\java.exe
0x00007ff9e2030000 - 0x00007ff9e2247000 	C:\WINDOWS\SYSTEM32\ntdll.dll
0x00007ff9e0d50000 - 0x00007ff9e0e14000 	C:\WINDOWS\System32\KERNEL32.DLL
0x00007ff9df7f0000 - 0x00007ff9dfbc0000 	C:\WINDOWS\System32\KERNELBASE.dll
0x00007ff9df6a0000 - 0x00007ff9df7b1000 	C:\WINDOWS\System32\ucrtbase.dll
0x00007ff9c4fa0000 - 0x00007ff9c4fbb000 	C:\Program Files\Java\jdk-17\bin\VCRUNTIME140.dll
0x00007ff9c85a0000 - 0x00007ff9c85b9000 	C:\Program Files\Java\jdk-17\bin\jli.dll
0x00007ff9e16c0000 - 0x00007ff9e1771000 	C:\WINDOWS\System32\ADVAPI32.dll
0x00007ff9e1c70000 - 0x00007ff9e1d17000 	C:\WINDOWS\System32\msvcrt.dll
0x00007ff9e00a0000 - 0x00007ff9e0147000 	C:\WINDOWS\System32\sechost.dll
0x00007ff9df7c0000 - 0x00007ff9df7e8000 	C:\WINDOWS\System32\bcrypt.dll
0x00007ff9e19f0000 - 0x00007ff9e1b04000 	C:\WINDOWS\System32\RPCRT4.dll
0x00007ff9e1e40000 - 0x00007ff9e1fee000 	C:\WINDOWS\System32\USER32.dll
0x00007ff9d2ce0000 - 0x00007ff9d2f72000 	C:\WINDOWS\WinSxS\amd64_microsoft.windows.common-controls_6595b64144ccf1df_6.0.22621.4830_none_270fe7d773858e80\COMCTL32.dll
0x00007ff9df2e0000 - 0x00007ff9df306000 	C:\WINDOWS\System32\win32u.dll
0x00007ff9e02f0000 - 0x00007ff9e0319000 	C:\WINDOWS\System32\GDI32.dll
0x00007ff9df310000 - 0x00007ff9df42b000 	C:\WINDOWS\System32\gdi32full.dll
0x00007ff9dfc80000 - 0x00007ff9dfd1a000 	C:\WINDOWS\System32\msvcp_win.dll
0x00007ff9c8600000 - 0x00007ff9c860a000 	C:\WINDOWS\SYSTEM32\VERSION.dll
0x00007ff9e0060000 - 0x00007ff9e0091000 	C:\WINDOWS\System32\IMM32.DLL
0x00007ff9db080000 - 0x00007ff9db08c000 	C:\Program Files\Java\jdk-17\bin\vcruntime140_1.dll
0x00007ff9462b0000 - 0x00007ff94633e000 	C:\Program Files\Java\jdk-17\bin\msvcp140.dll
0x00007ff8fb8e0000 - 0x00007ff8fc4c0000 	C:\Program Files\Java\jdk-17\bin\server\jvm.dll
0x00007ff9e0150000 - 0x00007ff9e0158000 	C:\WINDOWS\System32\PSAPI.DLL
0x00007ff9db030000 - 0x00007ff9db064000 	C:\WINDOWS\SYSTEM32\WINMM.dll
0x00007ff9d3000000 - 0x00007ff9d3009000 	C:\WINDOWS\SYSTEM32\WSOCK32.dll
0x00007ff9e0270000 - 0x00007ff9e02e1000 	C:\WINDOWS\System32\WS2_32.dll
0x00007ff9de390000 - 0x00007ff9de3a8000 	C:\WINDOWS\SYSTEM32\kernel.appcore.dll
0x00007ff9d8a20000 - 0x00007ff9d8a2a000 	C:\Program Files\Java\jdk-17\bin\jimage.dll
0x00007ff9d8370000 - 0x00007ff9d85a2000 	C:\WINDOWS\SYSTEM32\DBGHELP.DLL
0x00007ff9e07f0000 - 0x00007ff9e0b80000 	C:\WINDOWS\System32\combase.dll
0x00007ff9e17e0000 - 0x00007ff9e18b7000 	C:\WINDOWS\System32\OLEAUT32.dll
0x00007ff9c9290000 - 0x00007ff9c92c2000 	C:\WINDOWS\SYSTEM32\dbgcore.DLL
0x00007ff9df430000 - 0x00007ff9df4ab000 	C:\WINDOWS\System32\bcryptPrimitives.dll
0x00007ff9bea70000 - 0x00007ff9bea95000 	C:\Program Files\Java\jdk-17\bin\java.dll

dbghelp: loaded successfully - version: 4.0.5 - missing functions: none
symbol engine: initialized successfully - sym options: 0x614 - pdb path: .;C:\Program Files\Java\jdk-17\bin;C:\WINDOWS\SYSTEM32;C:\WINDOWS\WinSxS\amd64_microsoft.windows.common-controls_6595b64144ccf1df_6.0.22621.4830_none_270fe7d773858e80;C:\Program Files\Java\jdk-17\bin\server

VM Arguments:
jvm_args: -Djava.awt.headless=true -Djava.library.path=C:\Program Files\Java\jdk-17\bin;C:\WINDOWS\Sun\Java\bin;C:\WINDOWS\system32;C:\WINDOWS;C:\Program Files\Eclipse Adoptium\jdk-17.0.16.8-hotspot\bin;C:\Python313\Scripts\;C:\Python313\;C:\Program Files (x86)\Common Files\Intel\Shared Libraries\redist\intel64\compiler;C:\Program Files\Common Files\Oracle\Java\javapath;C:\WINDOWS\system32;C:\WINDOWS;C:\WINDOWS\System32\Wbem;C:\WINDOWS\System32\WindowsPowerShell\v1.0\;C:\WINDOWS\System32\OpenSSH\;C:\Program Files\Java\jdk-20\bin;C:\Program Files\Git\cmd;C:\Program Files\WireGuard\;C:\Program Files\Microsoft SQL Server\120\Tools\Binn\;C:\Program Files\Microsoft SQL Server\Client SDK\ODBC\110\Tools\Binn\;C:\Program Files (x86)\Microsoft SQL Server\120\Tools\Binn\;C:\Program Files\Microsoft SQL Server\120\DTS\Binn\;C:\Program Files (x86)\Microsoft SQL Server\120\Tools\Binn\ManagementStudio\;C:\Program Files (x86)\Microsoft SQL Server\120\DTS\Binn\;C:\Program Files (x86)\Gradle\gradle-8.10.2\bin;C:\Program Files\PuTTY\;C:\ProgramData\chocolatey\bin;D:\Node.js\;C:\Program Files (x86)\Microsoft SQL Server\160\Tools\Binn\;C:\Program Files\Microsoft SQL Server\160\Tools\Binn\;C:\Program Files\Microsoft SQL Server\Client SDK\ODBC\170\Tools\Binn\;C:\Program Files\Microsoft SQL Server\160\DTS\Binn\;C:\Program Files (x86)\Microsoft SQL Server\160\DTS\Binn\;C:\Program Files\Java\jdk-17;D:\Downloads\flutter_windows_3.29.3-stable\flutter\bin;C:\Users\Rhesa Tsaqif\AppData\Local\Programs\Python\Python311\Scripts\;C:\Users\Rhesa Tsaqif\AppData\Local\Programs\Python\Python311\;C:\Users\Rhesa Tsaqif\AppData\Local\Microsoft\WindowsApps;C:\Users\Rhesa Tsaqif\AppData\Local\Programs\Microsoft VS Code\bin;C:\Users\Rhesa Tsaqif\AppData\Local\GitHubDesktop\bin;D:\XAMPP\php;C:\Users\Rhesa Tsaqif\AppData\Local\ComposerSetup\bin;C:\Users\Rhesa Tsaqif\AppData\Roaming\Composer\vendor\bin;C:\Users\Rhesa Tsaqif\AppData\Roaming\npm;;.;D:\HearMe\app\src\testDebug\jniLibs;D:\HearMe\app\src\test\jniLibs -Dorg.gradle.internal.worker.tmpdir=D:\HearMe\app\build\tmp\testDebugUnitTest\work --add-opens=java.base/java.io=ALL-UNNAMED -Xmx512m -Dfile.encoding=UTF-8 -Duser.country=ID -Duser.language=en -Duser.variant -ea 
java_command: worker.org.gradle.process.internal.worker.GradleWorkerMain 'Gradle Test Executor 1'
java_class_path (initial): C:\Users\Rhesa Tsaqif\.gradle\caches\8.10.2\workerMain\gradle-worker.jar;D:\HearMe\app\build\tmp\kotlin-classes\debugUnitTest;D:\HearMe\app\build\intermediates\java_res\debugUnitTest\processDebugUnitTestJavaRes\out;D:\HearMe\app\build\intermediates\runtime_app_classes_jar\debug\bundleDebugClassesToRuntimeJar\classes.jar;C:\Users\Rhesa Tsaqif\.gradle\caches\modules-2\files-2.1\junit\junit\4.13.2\8ac9e16d933b6fb43bc7f576336b8f4d7eb5ba12\junit-4.13.2.jar;C:\Users\Rhesa Tsaqif\.gradle\caches\8.10.2\transforms\b504ebf22178bfd2de073e709e4693cb\transformed\material3-release-runtime.jar;C:\Users\Rhesa Tsaqif\.gradle\caches\8.10.2\transforms\181ef68550f139d9005a6a7102813640\transformed\material-release-runtime.jar;C:\Users\Rhesa Tsaqif\.gradle\caches\8.10.2\transforms\a10313004c8619fbf12fa6477d0296fd\transformed\material-icons-core-release-runtime.jar;C:\Users\Rhesa Tsaqif\.gradle\caches\8.10.2\transforms\c1189cab66682167c8d99c8c3e20fc6f\transformed\material-ripple-release-runtime.jar;C:\Users\Rhesa Tsaqif\.gradle\caches\8.10.2\transforms\51dbe316c27cb7c215f69ce138636a32\transformed\foundation-release-runtime.jar;C:\Users\Rhesa Tsaqif\.gradle\caches\8.10.2\transforms\f628369fa8efd477cc6629a61a283c50\transformed\animation-release-runtime.jar;C:\Users\Rhesa Tsaqif\.gradle\caches\8.10.2\transforms\4105abf91ed2b7876a340c36dcde5094\transformed\foundation-layout-release-runtime.jar;C:\Users\Rhesa Tsaqif\.gradle\caches\8.10.2\transforms\0d3a2c5d38a0dc92ea8dafcf96b14e74\transformed\animation-core-release-runtime.jar;C:\Users\Rhesa Tsaqif\.gradle\caches\8.10.2\transforms\33516d0268fdece5e2d1fe94f50dab80\transformed\ui-tooling-data-release-runtime.jar;C:\Users\Rhesa Tsaqif\.gradle\caches\8.10.2\transforms\291854d74210d1adf29aa2b384b0c6dc\transformed\ui-unit-release-runtime.jar;C:\Users\Rhesa Tsaqif\.gradle\caches\8.10.2\transforms\d79becdd80873aeaf606a37cfd73d42f\transformed\ui-geometry-release-runtime.jar;C:\Users\Rhesa Tsaqif\.gradle\caches\8.10.2\transf
Launcher Type: SUN_STANDARD

[Global flags]
     intx CICompilerCount                          = 12                                        {product} {ergonomic}
     uint ConcGCThreads                            = 3                                         {product} {ergonomic}
     uint G1ConcRefinementThreads                  = 13                                        {product} {ergonomic}
   size_t G1HeapRegionSize                         = 1048576                                   {product} {ergonomic}
    uintx GCDrainStackTargetSize                   = 64                                        {product} {ergonomic}
   size_t InitialHeapSize                          = 398458880                                 {product} {ergonomic}
   size_t MarkStackSize                            = 4194304                                   {product} {ergonomic}
   size_t MaxHeapSize                              = 536870912                                 {product} {command line}
   size_t MinHeapDeltaBytes                        = 1048576                                   {product} {ergonomic}
   size_t MinHeapSize                              = 8388608                                   {product} {ergonomic}
    uintx NonNMethodCodeHeapSize                   = 7602480                                {pd product} {ergonomic}
    uintx NonProfiledCodeHeapSize                  = 122027880                              {pd product} {ergonomic}
    uintx ProfiledCodeHeapSize                     = 122027880                              {pd product} {ergonomic}
    uintx ReservedCodeCacheSize                    = 251658240                              {pd product} {ergonomic}
     bool SegmentedCodeCache                       = true                                      {product} {ergonomic}
   size_t SoftMaxHeapSize                          = 536870912                              {manageable} {ergonomic}
     bool UseCompressedClassPointers               = true                           {product lp64_product} {ergonomic}
     bool UseCompressedOops                        = true                           {product lp64_product} {ergonomic}
     bool UseG1GC                                  = true                                      {product} {ergonomic}
     bool UseLargePagesIndividualAllocation        = false                                  {pd product} {ergonomic}

Logging:
Log output configuration:
 #0: stdout all=warning uptime,level,tags
 #1: stderr all=off uptime,level,tags

Environment Variables:
JAVA_HOME=C:\Program Files\Java\jdk-17
CLASSPATH=D:\HearMe\\gradle\wrapper\gradle-wrapper.jar
PATH=C:\Program Files\Eclipse Adoptium\jdk-17.0.16.8-hotspot\bin;C:\Python313\Scripts\;C:\Python313\;C:\Program Files (x86)\Common Files\Intel\Shared Libraries\redist\intel64\compiler;C:\Program Files\Common Files\Oracle\Java\javapath;C:\WINDOWS\system32;C:\WINDOWS;C:\WINDOWS\System32\Wbem;C:\WINDOWS\System32\WindowsPowerShell\v1.0\;C:\WINDOWS\System32\OpenSSH\;C:\Program Files\Java\jdk-20\bin;C:\Program Files\Git\cmd;C:\Program Files\WireGuard\;C:\Program Files\Microsoft SQL Server\120\Tools\Binn\;C:\Program Files\Microsoft SQL Server\Client SDK\ODBC\110\Tools\Binn\;C:\Program Files (x86)\Microsoft SQL Server\120\Tools\Binn\;C:\Program Files\Microsoft SQL Server\120\DTS\Binn\;C:\Program Files (x86)\Microsoft SQL Server\120\Tools\Binn\ManagementStudio\;C:\Program Files (x86)\Microsoft SQL Server\120\DTS\Binn\;C:\Program Files (x86)\Gradle\gradle-8.10.2\bin;C:\Program Files\PuTTY\;C:\ProgramData\chocolatey\bin;D:\Node.js\;C:\Program Files (x86)\Microsoft SQL Server\160\Tools\Binn\;C:\Program Files\Microsoft SQL Server\160\Tools\Binn\;C:\Program Files\Microsoft SQL Server\Client SDK\ODBC\170\Tools\Binn\;C:\Program Files\Microsoft SQL Server\160\DTS\Binn\;C:\Program Files (x86)\Microsoft SQL Server\160\DTS\Binn\;C:\Program Files\Java\jdk-17;D:\Downloads\flutter_windows_3.29.3-stable\flutter\bin;C:\Users\Rhesa Tsaqif\AppData\Local\Programs\Python\Python311\Scripts\;C:\Users\Rhesa Tsaqif\AppData\Local\Programs\Python\Python311\;C:\Users\Rhesa Tsaqif\AppData\Local\Microsoft\WindowsApps;C:\Users\Rhesa Tsaqif\AppData\Local\Programs\Microsoft VS Code\bin;C:\Users\Rhesa Tsaqif\AppData\Local\GitHubDesktop\bin;D:\XAMPP\php;C:\Users\Rhesa Tsaqif\AppData\Local\ComposerSetup\bin;C:\Users\Rhesa Tsaqif\AppData\Roaming\Composer\vendor\bin;C:\Users\Rhesa Tsaqif\AppData\Roaming\npm;
USERNAME=Rhesa Tsaqif
OS=Windows_NT
PROCESSOR_IDENTIFIER=Intel64 Family 6 Model 154 Stepping 3, GenuineIntel



---------------  S Y S T E M  ---------------

OS:
 Windows 11 , 64 bit Build 22621 (10.0.22621.4830)
OS uptime: 0 days 20:50 hours
Hyper-V role detected

CPU: total 16 (initial active 16) (8 cores per cpu, 2 threads per core) family 6 model 154 stepping 3 microcode 0x41b, cx8, cmov, fxsr, ht, mmx, 3dnowpref, sse, sse2, sse3, ssse3, sse4.1, sse4.2, popcnt, lzcnt, tsc, tscinvbit, avx, avx2, aes, erms, clmul, bmi1, bmi2, adx, sha, fma, vzeroupper, clflush, clflushopt, clwb, hv

Memory: 4k page, system-wide physical 24270M (4919M free)
TotalPageFile size 26206M (AvailPageFile size 246M)
current process WorkingSet (physical memory assigned to process): 11M, peak: 11M
current process commit charge ("private bytes"): 70M, peak: 450M

vm_info: Java HotSpot(TM) 64-Bit Server VM (17.0.12+8-LTS-286) for windows-amd64 JRE (17.0.12+8-LTS-286), built on Jun  5 2024 06:46:59 by "mach5one" with MS VC++ 17.6 (VS2022)

END.
